<?xml version="1.0" encoding="UTF-8"?>
<!-- Generated by org.testng.reporters.JUnitXMLReporter -->
<testsuite hostname="TH1554" ignored="0" name="AddBranch_Test" tests="8" failures="0" timestamp="29 Mar 2018 12:24:52 GMT" time="13.375" errors="0">
  <testcase name="addBranchOne" time="1.589" classname="com.milvik.mip.branchmanagement.testrunner.MIP_AddBranch_Test"/>
  <testcase name="addBranchThree" time="1.506" classname="com.milvik.mip.branchmanagement.testrunner.MIP_AddBranch_Test"/>
  <testcase name="addBranchThree" time="0.902" classname="com.milvik.mip.branchmanagement.testrunner.MIP_AddBranch_Test"/>
  <testcase name="addBranchThree" time="0.76" classname="com.milvik.mip.branchmanagement.testrunner.MIP_AddBranch_Test"/>
  <testcase name="addBranchThree" time="1.317" classname="com.milvik.mip.branchmanagement.testrunner.MIP_AddBranch_Test"/>
  <testcase name="addBranchThree" time="1.316" classname="com.milvik.mip.branchmanagement.testrunner.MIP_AddBranch_Test"/>
  <testcase name="addBranchThree" time="1.296" classname="com.milvik.mip.branchmanagement.testrunner.MIP_AddBranch_Test"/>
  <testcase name="addBranchTwo" time="3.166" classname="com.milvik.mip.branchmanagement.testrunner.MIP_AddBranch_Test"/>
</testsuite> <!-- AddBranch_Test -->
