<?xml version="1.0" encoding="UTF-8"?>
<!-- Generated by org.testng.reporters.JUnitXMLReporter -->
<testsuite hostname="TH1554" ignored="0" name="AdminConfig_Test" tests="10" failures="0" timestamp="29 Mar 2018 07:17:56 GMT" time="15.076" errors="0">
  <testcase name="adminConfigOne" time="0.781" classname="com.milvik.mip.adminconfig.testrunner.MIP_AdminConfiguration_Test"/>
  <testcase name="adminConfigTwo" time="3.19" classname="com.milvik.mip.adminconfig.testrunner.MIP_AdminConfiguration_Test"/>
  <testcase name="adminConfigThree" time="1.641" classname="com.milvik.mip.adminconfig.testrunner.MIP_AdminConfiguration_Test"/>
  <testcase name="adminConfigThree" time="1.536" classname="com.milvik.mip.adminconfig.testrunner.MIP_AdminConfiguration_Test"/>
  <testcase name="adminConfigThree" time="1.5" classname="com.milvik.mip.adminconfig.testrunner.MIP_AdminConfiguration_Test"/>
  <testcase name="adminConfigThree" time="1.116" classname="com.milvik.mip.adminconfig.testrunner.MIP_AdminConfiguration_Test"/>
  <testcase name="adminConfigThree" time="1.078" classname="com.milvik.mip.adminconfig.testrunner.MIP_AdminConfiguration_Test"/>
  <testcase name="adminConfigThree" time="1.075" classname="com.milvik.mip.adminconfig.testrunner.MIP_AdminConfiguration_Test"/>
  <testcase name="adminConfigThree" time="1.083" classname="com.milvik.mip.adminconfig.testrunner.MIP_AdminConfiguration_Test"/>
  <testcase name="adminConfigThree" time="1.076" classname="com.milvik.mip.adminconfig.testrunner.MIP_AdminConfiguration_Test"/>
</testsuite> <!-- AdminConfig_Test -->
