<?xml version="1.0" encoding="UTF-8"?>
<!-- Generated by org.testng.reporters.JUnitXMLReporter -->
<testsuite hostname="TH1554" ignored="0" name="ApplyLeave_Test" tests="10" failures="3" timestamp="30 Mar 2018 05:03:40 GMT" time="236.074" errors="0">
  <testcase name="leaveManagement" time="0.244" classname="com.milvik.mip.leavemanagement.testrunner.MIP_ApplyLeave_Test">
    <failure type="org.openqa.selenium.StaleElementReferenceException" message="The element reference of &amp;lt;a href=&amp;quot;/MIP_LK/leave.controller.viewLeaves.task&amp;quot;&amp;gt; stale; either the element is no longer attached to the DOM, it is not in the current frame context, or the document has been refreshed
For documentation on this error, please visit: http://seleniumhq.org/exceptions/stale_element_reference.html
Build info: version: &amp;apos;3.8.1&amp;apos;, revision: &amp;apos;6e95a6684b&amp;apos;, time: &amp;apos;2017-12-01T18:33:54.468Z&amp;apos;
System info: host: &amp;apos;TH1554&amp;apos;, ip: &amp;apos;172.16.10.27&amp;apos;, os.name: &amp;apos;Windows 8.1&amp;apos;, os.arch: &amp;apos;amd64&amp;apos;, os.version: &amp;apos;6.3&amp;apos;, java.version: &amp;apos;1.8.0_121&amp;apos;
Driver info: org.openqa.selenium.firefox.FirefoxDriver
Capabilities {acceptInsecureCerts: true, browserName: firefox, browserVersion: 57.0, javascriptEnabled: true, moz:accessibilityChecks: false, moz:headless: false, moz:processID: 5676, moz:profile: C:\Users\srilatha_yajnanara..., moz:webdriverClick: false, pageLoadStrategy: normal, platform: XP, platformName: XP, platformVersion: 6.3, rotatable: false, timeouts: {implicit: 0, pageLoad: 300000, script: 30000}}
Session ID: 8dfd5bcc-031b-4899-a27c-3dce34f70692">
      <![CDATA[org.openqa.selenium.StaleElementReferenceException: The element reference of <a href="/MIP_LK/leave.controller.viewLeaves.task"> stale; either the element is no longer attached to the DOM, it is not in the current frame context, or the document has been refreshed
For documentation on this error, please visit: http://seleniumhq.org/exceptions/stale_element_reference.html
Build info: version: '3.8.1', revision: '6e95a6684b', time: '2017-12-01T18:33:54.468Z'
System info: host: 'TH1554', ip: '172.16.10.27', os.name: 'Windows 8.1', os.arch: 'amd64', os.version: '6.3', java.version: '1.8.0_121'
Driver info: org.openqa.selenium.firefox.FirefoxDriver
Capabilities {acceptInsecureCerts: true, browserName: firefox, browserVersion: 57.0, javascriptEnabled: true, moz:accessibilityChecks: false, moz:headless: false, moz:processID: 5676, moz:profile: C:\Users\srilatha_yajnanara..., moz:webdriverClick: false, pageLoadStrategy: normal, platform: XP, platformName: XP, platformVersion: 6.3, rotatable: false, timeouts: {implicit: 0, pageLoad: 300000, script: 30000}}
Session ID: 8dfd5bcc-031b-4899-a27c-3dce34f70692
	at org.openqa.selenium.remote.http.W3CHttpResponseCodec.createException(W3CHttpResponseCodec.java:187)
	at org.openqa.selenium.remote.http.W3CHttpResponseCodec.decode(W3CHttpResponseCodec.java:122)
	at org.openqa.selenium.remote.http.W3CHttpResponseCodec.decode(W3CHttpResponseCodec.java:49)
	at org.openqa.selenium.remote.HttpCommandExecutor.execute(HttpCommandExecutor.java:164)
	at org.openqa.selenium.remote.service.DriverCommandExecutor.execute(DriverCommandExecutor.java:83)
	at org.openqa.selenium.remote.RemoteWebDriver.execute(RemoteWebDriver.java:601)
	at org.openqa.selenium.remote.RemoteWebElement.execute(RemoteWebElement.java:279)
	at org.openqa.selenium.remote.RemoteWebElement.isDisplayed(RemoteWebElement.java:320)
	at com.milvik.mip.leavemanagement.testrunner.MIP_ApplyLeave_Test.leaveManagement(MIP_ApplyLeave_Test.java:87)
... Removed 29 stack frames]]>
    </failure>
  </testcase> <!-- leaveManagement -->
  <testcase name="applyLeaveOne" time="2.22" classname="com.milvik.mip.leavemanagement.testrunner.MIP_ApplyLeave_Test"/>
  <testcase name="applyLeaveTwo" time="31.245" classname="com.milvik.mip.leavemanagement.testrunner.MIP_ApplyLeave_Test"/>
  <testcase name="applyLeaveThree" time="2.74" classname="com.milvik.mip.leavemanagement.testrunner.MIP_ApplyLeave_Test">
    <failure type="org.openqa.selenium.StaleElementReferenceException" message="The element reference of &amp;lt;option&amp;gt; stale; either the element is no longer attached to the DOM, it is not in the current frame context, or the document has been refreshed
For documentation on this error, please visit: http://seleniumhq.org/exceptions/stale_element_reference.html
Build info: version: &amp;apos;3.8.1&amp;apos;, revision: &amp;apos;6e95a6684b&amp;apos;, time: &amp;apos;2017-12-01T18:33:54.468Z&amp;apos;
System info: host: &amp;apos;TH1554&amp;apos;, ip: &amp;apos;172.16.10.27&amp;apos;, os.name: &amp;apos;Windows 8.1&amp;apos;, os.arch: &amp;apos;amd64&amp;apos;, os.version: &amp;apos;6.3&amp;apos;, java.version: &amp;apos;1.8.0_121&amp;apos;
Driver info: org.openqa.selenium.firefox.FirefoxDriver
Capabilities {acceptInsecureCerts: true, browserName: firefox, browserVersion: 57.0, javascriptEnabled: true, moz:accessibilityChecks: false, moz:headless: false, moz:processID: 5676, moz:profile: C:\Users\srilatha_yajnanara..., moz:webdriverClick: false, pageLoadStrategy: normal, platform: XP, platformName: XP, platformVersion: 6.3, rotatable: false, timeouts: {implicit: 0, pageLoad: 300000, script: 30000}}
Session ID: 8dfd5bcc-031b-4899-a27c-3dce34f70692">
      <![CDATA[org.openqa.selenium.StaleElementReferenceException: The element reference of <option> stale; either the element is no longer attached to the DOM, it is not in the current frame context, or the document has been refreshed
For documentation on this error, please visit: http://seleniumhq.org/exceptions/stale_element_reference.html
Build info: version: '3.8.1', revision: '6e95a6684b', time: '2017-12-01T18:33:54.468Z'
System info: host: 'TH1554', ip: '172.16.10.27', os.name: 'Windows 8.1', os.arch: 'amd64', os.version: '6.3', java.version: '1.8.0_121'
Driver info: org.openqa.selenium.firefox.FirefoxDriver
Capabilities {acceptInsecureCerts: true, browserName: firefox, browserVersion: 57.0, javascriptEnabled: true, moz:accessibilityChecks: false, moz:headless: false, moz:processID: 5676, moz:profile: C:\Users\srilatha_yajnanara..., moz:webdriverClick: false, pageLoadStrategy: normal, platform: XP, platformName: XP, platformVersion: 6.3, rotatable: false, timeouts: {implicit: 0, pageLoad: 300000, script: 30000}}
Session ID: 8dfd5bcc-031b-4899-a27c-3dce34f70692
	at org.openqa.selenium.remote.http.W3CHttpResponseCodec.createException(W3CHttpResponseCodec.java:187)
	at org.openqa.selenium.remote.http.W3CHttpResponseCodec.decode(W3CHttpResponseCodec.java:122)
	at org.openqa.selenium.remote.http.W3CHttpResponseCodec.decode(W3CHttpResponseCodec.java:49)
	at org.openqa.selenium.remote.HttpCommandExecutor.execute(HttpCommandExecutor.java:164)
	at org.openqa.selenium.remote.service.DriverCommandExecutor.execute(DriverCommandExecutor.java:83)
	at org.openqa.selenium.remote.RemoteWebDriver.execute(RemoteWebDriver.java:601)
	at org.openqa.selenium.remote.RemoteWebElement.execute(RemoteWebElement.java:279)
	at org.openqa.selenium.remote.RemoteWebElement.getText(RemoteWebElement.java:160)
	at com.milvik.mip.pageobjects.MIP_ApplyLeavePage.getUserDetails(MIP_ApplyLeavePage.java:57)
	at com.milvik.mip.leavemanagement.testrunner.MIP_ApplyLeave_Test.applyLeaveThree(MIP_ApplyLeave_Test.java:174)
... Removed 29 stack frames]]>
    </failure>
  </testcase> <!-- applyLeaveThree -->
  <testcase name="applyLeaveFour" time="27.735" classname="com.milvik.mip.leavemanagement.testrunner.MIP_ApplyLeave_Test"/>
  <testcase name="applyLeaveFour" time="24.22" classname="com.milvik.mip.leavemanagement.testrunner.MIP_ApplyLeave_Test"/>
  <testcase name="applyLeaveFour" time="24.47" classname="com.milvik.mip.leavemanagement.testrunner.MIP_ApplyLeave_Test"/>
  <testcase name="applyLeaveFour" time="26.666" classname="com.milvik.mip.leavemanagement.testrunner.MIP_ApplyLeave_Test"/>
  <testcase name="applyLeaveFour" time="26.645" classname="com.milvik.mip.leavemanagement.testrunner.MIP_ApplyLeave_Test"/>
  <testcase name="applyLeaveFive" time="67.221" classname="com.milvik.mip.leavemanagement.testrunner.MIP_ApplyLeave_Test">
    <failure type="org.openqa.selenium.TimeoutException" message="Expected condition failed: waiting for visibility of element located by By.id: popup_message (tried for 30 second(s) with 500 MILLISECONDS interval)">
      <![CDATA[org.openqa.selenium.TimeoutException: Expected condition failed: waiting for visibility of element located by By.id: popup_message (tried for 30 second(s) with 500 MILLISECONDS interval)
	at org.openqa.selenium.support.ui.WebDriverWait.timeoutException(WebDriverWait.java:82)
	at org.openqa.selenium.support.ui.FluentWait.until(FluentWait.java:231)
	at com.milvik.mip.pageutil.MIP_BasePage.waitForElementToVisible(MIP_BasePage.java:51)
	at com.milvik.mip.pageutil.MIP_BasePage.confirmPopUp(MIP_BasePage.java:202)
	at com.milvik.mip.leavemanagement.testrunner.MIP_ApplyLeave_Test.applyLeaveFive(MIP_ApplyLeave_Test.java:246)
Caused by: org.openqa.selenium.NoSuchElementException: Cannot locate an element using By.id: popup_message
For documentation on this error, please visit: http://seleniumhq.org/exceptions/no_such_element.html
Build info: version: '3.8.1', revision: '6e95a6684b', time: '2017-12-01T18:33:54.468Z'
System info: host: 'TH1554', ip: '172.16.10.27', os.name: 'Windows 8.1', os.arch: 'amd64', os.version: '6.3', java.version: '1.8.0_121'
Driver info: driver.version: unknown
	at org.openqa.selenium.support.ui.ExpectedConditions.lambda$findElement$0(ExpectedConditions.java:882)
	at java.util.Optional.orElseThrow(Unknown Source)
	at org.openqa.selenium.support.ui.ExpectedConditions.findElement(ExpectedConditions.java:881)
	at org.openqa.selenium.support.ui.ExpectedConditions.access$000(ExpectedConditions.java:43)
	at org.openqa.selenium.support.ui.ExpectedConditions$7.apply(ExpectedConditions.java:205)
	at org.openqa.selenium.support.ui.ExpectedConditions$7.apply(ExpectedConditions.java:201)
	at org.openqa.selenium.support.ui.FluentWait.until(FluentWait.java:208)
	... 28 more
... Removed 25 stack frames]]>
    </failure>
  </testcase> <!-- applyLeaveFive -->
</testsuite> <!-- ApplyLeave_Test -->
