<?xml version="1.0" encoding="UTF-8"?>
<!-- Generated by org.testng.reporters.JUnitXMLReporter -->
<testsuite hostname="TH1554" ignored="3" name="CustomerRegistration_Test" tests="6" failures="0" timestamp="19 Apr 2018 09:10:25 GMT" time="38.093" errors="0">
  <testcase name="duplicateAccountIdValidation_Postpaid" time="5.183" classname="com.milvik.mip.customermanagement.testrunner.MIP_CustRegistration_Postpaid_Test"/>
  <testcase name="fieldValidationWithNegativeData_Postpaid" time="9.942" classname="com.milvik.mip.customermanagement.testrunner.MIP_CustRegistration_Postpaid_Test"/>
  <testcase name="mandatoryFieldValidationInregistration_Postpaid" time="5.08" classname="com.milvik.mip.customermanagement.testrunner.MIP_CustRegistration_Postpaid_Test"/>
  <testcase name="mandatoryFieldValidationInregistration_Postpaid" time="5.562" classname="com.milvik.mip.customermanagement.testrunner.MIP_CustRegistration_Postpaid_Test"/>
  <testcase name="mandatoryFieldValidationInregistration_Postpaid" time="5.453" classname="com.milvik.mip.customermanagement.testrunner.MIP_CustRegistration_Postpaid_Test"/>
  <testcase name="mandatoryFieldValidationInregistration_Postpaid" time="4.957" classname="com.milvik.mip.customermanagement.testrunner.MIP_CustRegistration_Postpaid_Test"/>
  <testcase name="registration_Postpaid" time="0.0" classname="com.milvik.mip.customermanagement.testrunner.MIP_CustRegistration_Postpaid_Test">
    <ignored/>
  </testcase> <!-- registration_Postpaid -->
  <testcase name="differentProduct_registration_ExistingCustomer_Postpaid" time="0.0" classname="com.milvik.mip.customermanagement.testrunner.MIP_CustRegistration_Postpaid_Test">
    <ignored/>
  </testcase> <!-- differentProduct_registration_ExistingCustomer_Postpaid -->
  <testcase name="update_hmp_life_pa_info_Test" time="0.0" classname="com.milvik.mip.customermanagement.testrunner.MIP_CustRegistration_Postpaid_Test">
    <ignored/>
  </testcase> <!-- update_hmp_life_pa_info_Test -->
</testsuite> <!-- CustomerRegistration_Test -->
