<?xml version="1.0" encoding="UTF-8"?>
<!-- Generated by org.testng.reporters.JUnitXMLReporter -->
<testsuite hostname="TH1554" ignored="0" name="EditSMS_Test" tests="6" failures="1" timestamp="29 Mar 2018 09:01:36 GMT" time="19.279" errors="0">
  <testcase name="editSMSFive" time="3.146" classname="com.milvik.mip.smsmanagement.testrunner.MIP_EditSMS_Test"/>
  <testcase name="editSMSFour" time="3.091" classname="com.milvik.mip.smsmanagement.testrunner.MIP_EditSMS_Test"/>
  <testcase name="editSMSOne" time="0.834" classname="com.milvik.mip.smsmanagement.testrunner.MIP_EditSMS_Test"/>
  <testcase name="editSMSSix" time="2.784" classname="com.milvik.mip.smsmanagement.testrunner.MIP_EditSMS_Test">
    <failure type="java.lang.AssertionError" message="expected [true] but found [false]">
      <![CDATA[java.lang.AssertionError: expected [true] but found [false]
	at com.milvik.mip.smsmanagement.testrunner.MIP_EditSMS_Test.editSMSSix(MIP_EditSMS_Test.java:214)
... Removed 29 stack frames]]>
    </failure>
  </testcase> <!-- editSMSSix -->
  <testcase name="editSMSTwo" time="3.16" classname="com.milvik.mip.smsmanagement.testrunner.MIP_EditSMS_Test"/>
  <testcase name="editSMSThree" time="4.67" classname="com.milvik.mip.smsmanagement.testrunner.MIP_EditSMS_Test"/>
</testsuite> <!-- EditSMS_Test -->
