<?xml version="1.0" encoding="UTF-8"?>
<!-- Generated by org.testng.reporters.JUnitXMLReporter -->
<testsuite hostname="TH1554" ignored="0" name="ForgotPassword_Test" tests="5" failures="0" timestamp="29 Mar 2018 10:11:21 GMT" time="10.81" errors="0">
  <testcase name="forgotPassFive" time="0.622" classname="com.milvik.mip.passwordmanagement.testrunner.MIP_ForgotPassword_Test"/>
  <testcase name="forgotPassFour" time="2.115" classname="com.milvik.mip.passwordmanagement.testrunner.MIP_ForgotPassword_Test"/>
  <testcase name="forgotPassOne" time="0.689" classname="com.milvik.mip.passwordmanagement.testrunner.MIP_ForgotPassword_Test"/>
  <testcase name="forgotPassThree" time="1.122" classname="com.milvik.mip.passwordmanagement.testrunner.MIP_ForgotPassword_Test"/>
  <testcase name="forgotPassTwo" time="1.096" classname="com.milvik.mip.passwordmanagement.testrunner.MIP_ForgotPassword_Test"/>
</testsuite> <!-- ForgotPassword_Test -->
