<?xml version="1.0" encoding="UTF-8"?>
<!-- Generated by org.testng.reporters.JUnitXMLReporter -->
<testsuite hostname="TH1554" ignored="1" name="Login_Test" tests="9" failures="2" timestamp="29 Mar 2018 07:39:36 GMT" time="11.142" errors="0">
  <testcase name="loginTestFour" time="1.075" classname="com.milvik.mip.loginlogout.testrunner.MIP_Login_Test"/>
  <testcase name="loginTestFour" time="0.637" classname="com.milvik.mip.loginlogout.testrunner.MIP_Login_Test"/>
  <testcase name="loginTestFour" time="1.036" classname="com.milvik.mip.loginlogout.testrunner.MIP_Login_Test">
    <failure type="java.lang.AssertionError" message="expected [true] but found [false]">
      <![CDATA[java.lang.AssertionError: expected [true] but found [false]
	at com.milvik.mip.loginlogout.testrunner.MIP_Login_Test.loginTestFour(MIP_Login_Test.java:152)
... Removed 29 stack frames]]>
    </failure>
  </testcase> <!-- loginTestFour -->
  <testcase name="loginTestFour" time="0.636" classname="com.milvik.mip.loginlogout.testrunner.MIP_Login_Test"/>
  <testcase name="loginTestFour" time="1.108" classname="com.milvik.mip.loginlogout.testrunner.MIP_Login_Test"/>
  <testcase name="loginTestOne" time="2.428" classname="com.milvik.mip.loginlogout.testrunner.MIP_Login_Test"/>
  <testcase name="loginTestSix" time="0.748" classname="com.milvik.mip.loginlogout.testrunner.MIP_Login_Test">
    <failure type="java.lang.AssertionError" message="expected [0] but found [1]">
      <![CDATA[java.lang.AssertionError: expected [0] but found [1]
	at com.milvik.mip.loginlogout.testrunner.MIP_Login_Test.loginTestSix(MIP_Login_Test.java:201)
... Removed 31 stack frames]]>
    </failure>
  </testcase> <!-- loginTestSix -->
  <testcase name="loginTestThree" time="0.331" classname="com.milvik.mip.loginlogout.testrunner.MIP_Login_Test"/>
  <testcase name="loginTestFive" time="2.42" classname="com.milvik.mip.loginlogout.testrunner.MIP_Login_Test"/>
  <testcase name="loginTestTwo" time="0.0" classname="com.milvik.mip.loginlogout.testrunner.MIP_Login_Test">
    <ignored/>
  </testcase> <!-- loginTestTwo -->
</testsuite> <!-- Login_Test -->
