<?xml version="1.0" encoding="UTF-8"?>
<!-- Generated by org.testng.reporters.JUnitXMLReporter -->
<testsuite hostname="TH1554" ignored="1" name="Loyalty_Test" tests="7" failures="0" timestamp="29 Mar 2018 05:55:56 GMT" time="0.016" errors="0">
  <testcase name="@BeforeTest test_setup" time="0.0" classname="com.milvik.mip.customermanagement.testrunner.MIP_Loyalty_Test">
    <failure type="java.lang.Error" message="Unresolved compilation problems: 
	LOYALTY cannot be resolved or is not a field
	LOYALTY cannot be resolved or is not a field
	LOYALTY cannot be resolved or is not a field
	LOYALTY cannot be resolved or is not a field
">
      <![CDATA[java.lang.Error: Unresolved compilation problems: 
	LOYALTY cannot be resolved or is not a field
	LOYALTY cannot be resolved or is not a field
	LOYALTY cannot be resolved or is not a field
	LOYALTY cannot be resolved or is not a field

	at com.milvik.mip.customermanagement.testrunner.MIP_Loyalty_Test.test_setup(MIP_Loyalty_Test.java:68)
... Removed 23 stack frames]]>
    </failure>
  </testcase> <!-- @BeforeTest test_setup -->
  <testcase name="@AfterTest tear_down" time="0.0" classname="com.milvik.mip.customermanagement.testrunner.MIP_Loyalty_Test">
    <failure type="java.lang.NullPointerException">
      <![CDATA[java.lang.NullPointerException
	at com.milvik.mip.customermanagement.testrunner.MIP_Loyalty_Test.tear_down(MIP_Loyalty_Test.java:302)
... Removed 23 stack frames]]>
    </failure>
  </testcase> <!-- @AfterTest tear_down -->
  <testcase name="loyaltyOne" time="0.0" classname="com.milvik.mip.customermanagement.testrunner.MIP_Loyalty_Test">
    <skipped/>
  </testcase> <!-- loyaltyOne -->
  <testcase name="loyaltyOne" time="0.0" classname="com.milvik.mip.customermanagement.testrunner.MIP_Loyalty_Test">
    <skipped/>
  </testcase> <!-- loyaltyOne -->
  <testcase name="loyaltyOne" time="0.0" classname="com.milvik.mip.customermanagement.testrunner.MIP_Loyalty_Test">
    <skipped/>
  </testcase> <!-- loyaltyOne -->
  <testcase name="loyaltyThree" time="0.0" classname="com.milvik.mip.customermanagement.testrunner.MIP_Loyalty_Test">
    <skipped/>
  </testcase> <!-- loyaltyThree -->
  <testcase name="loyaltyThree" time="0.0" classname="com.milvik.mip.customermanagement.testrunner.MIP_Loyalty_Test">
    <skipped/>
  </testcase> <!-- loyaltyThree -->
  <testcase name="loyaltyThree" time="0.0" classname="com.milvik.mip.customermanagement.testrunner.MIP_Loyalty_Test">
    <skipped/>
  </testcase> <!-- loyaltyThree -->
  <testcase name="loyaltyTwo" time="0.0" classname="com.milvik.mip.customermanagement.testrunner.MIP_Loyalty_Test">
    <skipped/>
  </testcase> <!-- loyaltyTwo -->
  <testcase name="loyaltyFour" time="0.0" classname="com.milvik.mip.customermanagement.testrunner.MIP_Loyalty_Test">
    <ignored/>
  </testcase> <!-- loyaltyFour -->
</testsuite> <!-- Loyalty_Test -->
