<?xml version="1.0" encoding="UTF-8"?>
<!-- Generated by org.testng.reporters.JUnitXMLReporter -->
<testsuite hostname="TH1554" ignored="0" name="Test_ViewLeave" tests="3" failures="0" timestamp="21 Mar 2018 12:45:54 GMT" time="105.596" errors="0">
  <testcase name="@BeforeTest test_setup" time="105.44" classname="com.milvik.mip.leavemanagement.testrunner.MIP_ViewLeaves_Test">
    <failure type="org.openqa.selenium.TimeoutException" message="Expected condition failed: waiting for visibility of element located by By.linkText: View Leaves (tried for 30 second(s) with 500 MILLISECONDS interval)
Build info: version: &amp;apos;3.8.1&amp;apos;, revision: &amp;apos;6e95a6684b&amp;apos;, time: &amp;apos;2017-12-01T18:33:54.468Z&amp;apos;
System info: host: &amp;apos;TH1554&amp;apos;, ip: &amp;apos;172.16.10.94&amp;apos;, os.name: &amp;apos;Windows 8.1&amp;apos;, os.arch: &amp;apos;amd64&amp;apos;, os.version: &amp;apos;6.3&amp;apos;, java.version: &amp;apos;1.8.0_121&amp;apos;
Driver info: org.openqa.selenium.firefox.FirefoxDriver
Capabilities {acceptInsecureCerts: true, browserName: firefox, browserVersion: 57.0, javascriptEnabled: true, moz:accessibilityChecks: false, moz:headless: false, moz:processID: 9188, moz:profile: C:\Users\srilatha_yajnanara..., moz:webdriverClick: false, pageLoadStrategy: normal, platform: XP, platformName: XP, platformVersion: 6.3, rotatable: false, timeouts: {implicit: 0, pageLoad: 300000, script: 30000}}
Session ID: 5869a374-5f81-46c2-9420-f19ee44cacae">
      <![CDATA[org.openqa.selenium.TimeoutException: Expected condition failed: waiting for visibility of element located by By.linkText: View Leaves (tried for 30 second(s) with 500 MILLISECONDS interval)
Build info: version: '3.8.1', revision: '6e95a6684b', time: '2017-12-01T18:33:54.468Z'
System info: host: 'TH1554', ip: '172.16.10.94', os.name: 'Windows 8.1', os.arch: 'amd64', os.version: '6.3', java.version: '1.8.0_121'
Driver info: org.openqa.selenium.firefox.FirefoxDriver
Capabilities {acceptInsecureCerts: true, browserName: firefox, browserVersion: 57.0, javascriptEnabled: true, moz:accessibilityChecks: false, moz:headless: false, moz:processID: 9188, moz:profile: C:\Users\srilatha_yajnanara..., moz:webdriverClick: false, pageLoadStrategy: normal, platform: XP, platformName: XP, platformVersion: 6.3, rotatable: false, timeouts: {implicit: 0, pageLoad: 300000, script: 30000}}
Session ID: 5869a374-5f81-46c2-9420-f19ee44cacae
	at org.openqa.selenium.support.ui.WebDriverWait.timeoutException(WebDriverWait.java:82)
	at org.openqa.selenium.support.ui.FluentWait.until(FluentWait.java:231)
	at com.milvik.mip.pageutil.MIP_BasePage.waitForElementToVisible(MIP_BasePage.java:51)
	at com.milvik.mip.leavemanagement.testrunner.MIP_ViewLeaves_Test.test_setup(MIP_ViewLeaves_Test.java:69)
... Removed 23 stack frames]]>
    </failure>
  </testcase> <!-- @BeforeTest test_setup -->
  <testcase name="@BeforeMethod startTest" time="0.0" classname="com.milvik.mip.leavemanagement.testrunner.MIP_ViewLeaves_Test">
    <skipped/>
  </testcase> <!-- @BeforeMethod startTest -->
  <testcase name="@BeforeMethod startTest" time="0.0" classname="com.milvik.mip.leavemanagement.testrunner.MIP_ViewLeaves_Test">
    <skipped/>
  </testcase> <!-- @BeforeMethod startTest -->
  <testcase name="@BeforeMethod startTest" time="0.0" classname="com.milvik.mip.leavemanagement.testrunner.MIP_ViewLeaves_Test">
    <skipped/>
  </testcase> <!-- @BeforeMethod startTest -->
  <testcase name="viewLeavesOne" time="0.0" classname="com.milvik.mip.leavemanagement.testrunner.MIP_ViewLeaves_Test">
    <skipped/>
  </testcase> <!-- viewLeavesOne -->
  <testcase name="viewLeavesThree" time="0.0" classname="com.milvik.mip.leavemanagement.testrunner.MIP_ViewLeaves_Test">
    <skipped/>
  </testcase> <!-- viewLeavesThree -->
  <testcase name="viewLeavesTwo" time="0.0" classname="com.milvik.mip.leavemanagement.testrunner.MIP_ViewLeaves_Test">
    <skipped/>
  </testcase> <!-- viewLeavesTwo -->
</testsuite> <!-- Test_ViewLeave -->
