<?xml version="1.0" encoding="UTF-8"?>
<!-- Generated by org.testng.reporters.JUnitXMLReporter -->
<testsuite hostname="TH1554" ignored="0" name="Test_ListUser" tests="4" failures="0" timestamp="28 Mar 2018 07:02:23 GMT" time="122.258" errors="0">
  <testcase name="listUserOne" time="2.053" classname="com.milvik.mip.usermanagement.testrunner.MIP_ListUser_Test"/>
  <testcase name="listUserTwo" time="3.608" classname="com.milvik.mip.usermanagement.testrunner.MIP_ListUser_Test"/>
  <testcase name="listUserTwo" time="47.292" classname="com.milvik.mip.usermanagement.testrunner.MIP_ListUser_Test"/>
  <testcase name="listUserTwo" time="68.768" classname="com.milvik.mip.usermanagement.testrunner.MIP_ListUser_Test"/>
</testsuite> <!-- Test_ListUser -->
