<?xml version="1.0" encoding="UTF-8"?>
<!-- Generated by org.testng.reporters.JUnitXMLReporter -->
<testsuite hostname="TH1554" ignored="2" name="Test_RegCust" tests="4" failures="0" timestamp="23 Mar 2018 12:16:55 GMT" time="52.291" errors="0">
  <testcase name="regCustOne" time="4.746" classname="com.milvik.mip.customermanagement.testrunner.MIP_CustRegistration_Test"/>
  <testcase name="regCustTwo" time="7.531" classname="com.milvik.mip.customermanagement.testrunner.MIP_CustRegistration_Test"/>
  <testcase name="regCustFive" time="19.968" classname="com.milvik.mip.customermanagement.testrunner.MIP_CustRegistration_Test"/>
  <testcase name="regCustFive" time="19.522" classname="com.milvik.mip.customermanagement.testrunner.MIP_CustRegistration_Test"/>
  <testcase name="regCustThree" time="0.0" classname="com.milvik.mip.customermanagement.testrunner.MIP_CustRegistration_Test">
    <ignored/>
  </testcase> <!-- regCustThree -->
  <testcase name="regCustFour" time="0.0" classname="com.milvik.mip.customermanagement.testrunner.MIP_CustRegistration_Test">
    <ignored/>
  </testcase> <!-- regCustFour -->
</testsuite> <!-- Test_RegCust -->
