<?xml version="1.0" encoding="UTF-8"?>
<!-- Generated by org.testng.reporters.JUnitXMLReporter -->
<testsuite hostname="TH1554" ignored="0" name="Test_SearchUser" tests="11" failures="0" timestamp="28 Mar 2018 06:59:26 GMT" time="21.154" errors="0">
  <testcase name="searchUserFive" time="0.908" classname="com.milvik.mip.usermanagement.testrunner.MIP_SearchUser_Test"/>
  <testcase name="searchUserFour" time="1.416" classname="com.milvik.mip.usermanagement.testrunner.MIP_SearchUser_Test"/>
  <testcase name="searchUserFour" time="1.345" classname="com.milvik.mip.usermanagement.testrunner.MIP_SearchUser_Test"/>
  <testcase name="searchUserFour" time="1.338" classname="com.milvik.mip.usermanagement.testrunner.MIP_SearchUser_Test"/>
  <testcase name="searchUserOne" time="0.472" classname="com.milvik.mip.usermanagement.testrunner.MIP_SearchUser_Test"/>
  <testcase name="searchUserThree" time="1.503" classname="com.milvik.mip.usermanagement.testrunner.MIP_SearchUser_Test"/>
  <testcase name="searchUserTwo" time="2.052" classname="com.milvik.mip.usermanagement.testrunner.MIP_SearchUser_Test"/>
  <testcase name="searchUserTwo" time="2.06" classname="com.milvik.mip.usermanagement.testrunner.MIP_SearchUser_Test"/>
  <testcase name="searchUserTwo" time="1.941" classname="com.milvik.mip.usermanagement.testrunner.MIP_SearchUser_Test"/>
  <testcase name="searchUserTwo" time="2.752" classname="com.milvik.mip.usermanagement.testrunner.MIP_SearchUser_Test"/>
  <testcase name="searchUserTwo" time="3.691" classname="com.milvik.mip.usermanagement.testrunner.MIP_SearchUser_Test"/>
</testsuite> <!-- Test_SearchUser -->
