<?xml version="1.0" encoding="UTF-8"?>
<!-- Generated by org.testng.reporters.JUnitXMLReporter -->
<testsuite hostname="TH1554" ignored="0" name="Test_Search" tests="12" failures="0" timestamp="21 Mar 2018 08:08:14 GMT" time="19.442" errors="0">
  <testcase name="searchUserFive" time="0.233" classname="com.milvik.mip.usermanagement.testrunner.MIP_SearchUser_Test"/>
  <testcase name="searchUserFour" time="1.084" classname="com.milvik.mip.usermanagement.testrunner.MIP_SearchUser_Test"/>
  <testcase name="searchUserFour" time="1.349" classname="com.milvik.mip.usermanagement.testrunner.MIP_SearchUser_Test"/>
  <testcase name="searchUserFour" time="1.051" classname="com.milvik.mip.usermanagement.testrunner.MIP_SearchUser_Test"/>
  <testcase name="searchUserOne" time="0.125" classname="com.milvik.mip.usermanagement.testrunner.MIP_SearchUser_Test"/>
  <testcase name="searchUserThree" time="0.547" classname="com.milvik.mip.usermanagement.testrunner.MIP_SearchUser_Test"/>
  <testcase name="searchUserTwo" time="1.531" classname="com.milvik.mip.usermanagement.testrunner.MIP_SearchUser_Test"/>
  <testcase name="searchUserTwo" time="1.758" classname="com.milvik.mip.usermanagement.testrunner.MIP_SearchUser_Test"/>
  <testcase name="searchUserTwo" time="1.66" classname="com.milvik.mip.usermanagement.testrunner.MIP_SearchUser_Test"/>
  <testcase name="searchUserTwo" time="1.728" classname="com.milvik.mip.usermanagement.testrunner.MIP_SearchUser_Test"/>
  <testcase name="searchUserTwo" time="2.13" classname="com.milvik.mip.usermanagement.testrunner.MIP_SearchUser_Test"/>
  <testcase name="searchUserTwo" time="1.546" classname="com.milvik.mip.usermanagement.testrunner.MIP_SearchUser_Test"/>
</testsuite> <!-- Test_Search -->
