<?xml version="1.0" encoding="UTF-8"?>
<!-- Generated by org.testng.reporters.JUnitXMLReporter -->
<testsuite hostname="TH1554" ignored="0" name="Test_resetPassword" tests="8" failures="0" timestamp="21 Mar 2018 09:33:44 GMT" time="44.583" errors="0">
  <testcase name="viewRoleFour" time="5.929" classname="com.milvik.mip.rolemanagement.testrunner.MIP_ViewRole_Test"/>
  <testcase name="viewRoleOne" time="1.338" classname="com.milvik.mip.rolemanagement.testrunner.MIP_ViewRole_Test"/>
  <testcase name="viewRoleThree" time="3.534" classname="com.milvik.mip.rolemanagement.testrunner.MIP_ViewRole_Test"/>
  <testcase name="viewRoleThree" time="5.075" classname="com.milvik.mip.rolemanagement.testrunner.MIP_ViewRole_Test"/>
  <testcase name="viewRoleThree" time="3.941" classname="com.milvik.mip.rolemanagement.testrunner.MIP_ViewRole_Test"/>
  <testcase name="viewRoleTwo" time="2.028" classname="com.milvik.mip.rolemanagement.testrunner.MIP_ViewRole_Test"/>
  <testcase name="viewRoleTwo" time="2.011" classname="com.milvik.mip.rolemanagement.testrunner.MIP_ViewRole_Test"/>
  <testcase name="viewRoleTwo" time="1.985" classname="com.milvik.mip.rolemanagement.testrunner.MIP_ViewRole_Test"/>
</testsuite> <!-- Test_resetPassword -->
