<?xml version="1.0" encoding="UTF-8"?>
<!-- Generated by org.testng.reporters.JUnitXMLReporter -->
<testsuite hostname="TH1554" ignored="0" name="Test" tests="6" failures="0" timestamp="02 Apr 2018 07:29:00 GMT" time="129.795" errors="0">
  <testcase name="offerManagementOne" time="25.181" classname="com.milvik.mip.offermanagement.testrunner.MIP_ListOffer_Test"/>
  <testcase name="offerManagementOne" time="24.097" classname="com.milvik.mip.offermanagement.testrunner.MIP_ListOffer_Test"/>
  <testcase name="offerManagementOne" time="25.418" classname="com.milvik.mip.offermanagement.testrunner.MIP_ListOffer_Test"/>
  <testcase name="offerManagementOne" time="24.365" classname="com.milvik.mip.offermanagement.testrunner.MIP_ListOffer_Test"/>
  <testcase name="offerManagementOne" time="4.971" classname="com.milvik.mip.offermanagement.testrunner.MIP_ListOffer_Test"/>
  <testcase name="offerManagementOne" time="24.19" classname="com.milvik.mip.offermanagement.testrunner.MIP_ListOffer_Test"/>
</testsuite> <!-- Test -->
