<?xml version="1.0" encoding="UTF-8"?>
<!-- Generated by org.testng.reporters.JUnitXMLReporter -->
<testsuite hostname="TH1554" ignored="0" name="Test_AddBranch" tests="8" failures="1" timestamp="21 Mar 2018 12:55:19 GMT" time="45.507" errors="0">
  <testcase name="addBranchFour" time="16.206" classname="com.milvik.mip.branchmanagement.testrunner.MIP_AddBranch_Test"/>
  <testcase name="addBranchFour" time="1.675" classname="com.milvik.mip.branchmanagement.testrunner.MIP_AddBranch_Test"/>
  <testcase name="addBranchFour" time="1.659" classname="com.milvik.mip.branchmanagement.testrunner.MIP_AddBranch_Test"/>
  <testcase name="addBranchFour" time="10.407" classname="com.milvik.mip.branchmanagement.testrunner.MIP_AddBranch_Test"/>
  <testcase name="addBranchFour" time="1.721" classname="com.milvik.mip.branchmanagement.testrunner.MIP_AddBranch_Test"/>
  <testcase name="addBranchFour" time="1.612" classname="com.milvik.mip.branchmanagement.testrunner.MIP_AddBranch_Test"/>
  <testcase name="addBranchOne" time="1.391" classname="com.milvik.mip.branchmanagement.testrunner.MIP_AddBranch_Test"/>
  <testcase name="addBranchTwo" time="7.542" classname="com.milvik.mip.branchmanagement.testrunner.MIP_AddBranch_Test">
    <failure type="java.lang.AssertionError" message="expected [true] but found [false]">
      <![CDATA[java.lang.AssertionError: expected [true] but found [false]
	at com.milvik.mip.branchmanagement.testrunner.MIP_AddBranch_Test.addBranchTwo(MIP_AddBranch_Test.java:129)
... Removed 29 stack frames]]>
    </failure>
  </testcase> <!-- addBranchTwo -->
</testsuite> <!-- Test_AddBranch -->
