<?xml version="1.0" encoding="UTF-8"?>
<!-- Generated by org.testng.reporters.JUnitXMLReporter -->
<testsuite hostname="TH1554" ignored="0" name="Test_AddUser" tests="10" failures="0" timestamp="28 Mar 2018 07:00:21 GMT" time="54.895" errors="0">
  <testcase name="addUserOne" time="8.42" classname="com.milvik.mip.usermanagement.testrunner.MIP_AddUser_Test"/>
  <testcase name="addUserPassThree" time="4.496" classname="com.milvik.mip.usermanagement.testrunner.MIP_AddUser_Test"/>
  <testcase name="addUserPassThree" time="4.812" classname="com.milvik.mip.usermanagement.testrunner.MIP_AddUser_Test"/>
  <testcase name="addUserPassThree" time="4.921" classname="com.milvik.mip.usermanagement.testrunner.MIP_AddUser_Test"/>
  <testcase name="addUserPassThree" time="5.501" classname="com.milvik.mip.usermanagement.testrunner.MIP_AddUser_Test"/>
  <testcase name="addUserPassThree" time="5.02" classname="com.milvik.mip.usermanagement.testrunner.MIP_AddUser_Test"/>
  <testcase name="addUserPassThree" time="4.65" classname="com.milvik.mip.usermanagement.testrunner.MIP_AddUser_Test"/>
  <testcase name="addUserPassThree" time="4.674" classname="com.milvik.mip.usermanagement.testrunner.MIP_AddUser_Test"/>
  <testcase name="addUserPassThree" time="5.204" classname="com.milvik.mip.usermanagement.testrunner.MIP_AddUser_Test"/>
  <testcase name="addUserPassTwo" time="6.615" classname="com.milvik.mip.usermanagement.testrunner.MIP_AddUser_Test"/>
</testsuite> <!-- Test_AddUser -->
