<?xml version="1.0" encoding="UTF-8"?>
<!-- Generated by org.testng.reporters.JUnitXMLReporter -->
<testsuite hostname="TH1554" ignored="0" name="Test_ResetPass" tests="4" failures="0" timestamp="28 Mar 2018 06:59:05 GMT" time="12.485" errors="0">
  <testcase name="resetPasswordOne" time="0.938" classname="com.milvik.mip.usermanagement.testrunner.MIP_ResetPassword_Test"/>
  <testcase name="resetPasswordThree" time="1.094" classname="com.milvik.mip.usermanagement.testrunner.MIP_ResetPassword_Test"/>
  <testcase name="resetPasswordThree" time="0.662" classname="com.milvik.mip.usermanagement.testrunner.MIP_ResetPassword_Test"/>
  <testcase name="resetPasswordTwo" time="7.912" classname="com.milvik.mip.usermanagement.testrunner.MIP_ResetPassword_Test"/>
</testsuite> <!-- Test_ResetPass -->
