<?xml version="1.0" encoding="UTF-8"?>
<!-- Generated by org.testng.reporters.JUnitXMLReporter -->
<testsuite hostname="TH1554" ignored="1" name="Test_CoverHist" tests="7" failures="0" timestamp="23 Mar 2018 12:16:03 GMT" time="9.778" errors="0">
  <testcase name="coverHistoryOne" time="1.993" classname="com.milvik.mip.customermanagement.testrunner.MIP_CoverHistory_Test"/>
  <testcase name="coverHistoryOne" time="0.755" classname="com.milvik.mip.customermanagement.testrunner.MIP_CoverHistory_Test"/>
  <testcase name="coverHistoryOne" time="0.944" classname="com.milvik.mip.customermanagement.testrunner.MIP_CoverHistory_Test"/>
  <testcase name="coverHistoryOne" time="0.812" classname="com.milvik.mip.customermanagement.testrunner.MIP_CoverHistory_Test"/>
  <testcase name="coverHistoryOne" time="0.819" classname="com.milvik.mip.customermanagement.testrunner.MIP_CoverHistory_Test"/>
  <testcase name="coverHistoryOne" time="0.817" classname="com.milvik.mip.customermanagement.testrunner.MIP_CoverHistory_Test"/>
  <testcase name="coverHistoryTwo" time="1.066" classname="com.milvik.mip.customermanagement.testrunner.MIP_CoverHistory_Test"/>
  <testcase name="coverHistoryThree" time="0.0" classname="com.milvik.mip.customermanagement.testrunner.MIP_CoverHistory_Test">
    <ignored/>
  </testcase> <!-- coverHistoryThree -->
</testsuite> <!-- Test_CoverHist -->
