<?xml version="1.0" encoding="UTF-8"?>
<!-- Generated by org.testng.reporters.JUnitXMLReporter -->
<testsuite hostname="TH1554" ignored="0" name="Test_ListBranch" tests="10" failures="7" timestamp="21 Mar 2018 13:07:58 GMT" time="759.379" errors="0">
  <testcase name="listBranchFive" time="182.017" classname="com.milvik.mip.branchmanagement.testrunner.MIP_ListBranch_Test"/>
  <testcase name="listBranchFive" time="170.953" classname="com.milvik.mip.branchmanagement.testrunner.MIP_ListBranch_Test"/>
  <testcase name="listBranchFour" time="146.76" classname="com.milvik.mip.branchmanagement.testrunner.MIP_ListBranch_Test"/>
  <testcase name="listBranchFour" time="40.532" classname="com.milvik.mip.branchmanagement.testrunner.MIP_ListBranch_Test">
    <failure type="org.openqa.selenium.TimeoutException" message="Expected condition failed: waiting for visibility of element located by By.id: branchList (tried for 30 second(s) with 500 MILLISECONDS interval)">
      <![CDATA[org.openqa.selenium.TimeoutException: Expected condition failed: waiting for visibility of element located by By.id: branchList (tried for 30 second(s) with 500 MILLISECONDS interval)
	at org.openqa.selenium.support.ui.WebDriverWait.timeoutException(WebDriverWait.java:82)
	at org.openqa.selenium.support.ui.FluentWait.until(FluentWait.java:231)
	at com.milvik.mip.pageutil.MIP_BasePage.waitForElementToVisible(MIP_BasePage.java:51)
	at com.milvik.mip.pageobjects.MIP_ListBranchPage.getNumberofBranch(MIP_ListBranchPage.java:34)
	at com.milvik.mip.pageobjects.MIP_ListBranchPage.clickOnBranch(MIP_ListBranchPage.java:50)
	at com.milvik.mip.branchmanagement.testrunner.MIP_ListBranch_Test.listBranchFour(MIP_ListBranch_Test.java:233)
Caused by: org.openqa.selenium.NoSuchElementException: Cannot locate an element using By.id: branchList
For documentation on this error, please visit: http://seleniumhq.org/exceptions/no_such_element.html
Build info: version: '3.8.1', revision: '6e95a6684b', time: '2017-12-01T18:33:54.468Z'
System info: host: 'TH1554', ip: '172.16.10.94', os.name: 'Windows 8.1', os.arch: 'amd64', os.version: '6.3', java.version: '1.8.0_121'
Driver info: driver.version: unknown
	at org.openqa.selenium.support.ui.ExpectedConditions.lambda$findElement$0(ExpectedConditions.java:882)
	at java.util.Optional.orElseThrow(Unknown Source)
	at org.openqa.selenium.support.ui.ExpectedConditions.findElement(ExpectedConditions.java:881)
	at org.openqa.selenium.support.ui.ExpectedConditions.access$000(ExpectedConditions.java:43)
	at org.openqa.selenium.support.ui.ExpectedConditions$7.apply(ExpectedConditions.java:205)
	at org.openqa.selenium.support.ui.ExpectedConditions$7.apply(ExpectedConditions.java:201)
	at org.openqa.selenium.support.ui.FluentWait.until(FluentWait.java:208)
	... 29 more
... Removed 25 stack frames]]>
    </failure>
  </testcase> <!-- listBranchFour -->
  <testcase name="listBranchOne" time="40.704" classname="com.milvik.mip.branchmanagement.testrunner.MIP_ListBranch_Test">
    <failure type="org.openqa.selenium.TimeoutException" message="Expected condition failed: waiting for visibility of element located by By.id: branchList (tried for 30 second(s) with 500 MILLISECONDS interval)">
      <![CDATA[org.openqa.selenium.TimeoutException: Expected condition failed: waiting for visibility of element located by By.id: branchList (tried for 30 second(s) with 500 MILLISECONDS interval)
	at org.openqa.selenium.support.ui.WebDriverWait.timeoutException(WebDriverWait.java:82)
	at org.openqa.selenium.support.ui.FluentWait.until(FluentWait.java:231)
	at com.milvik.mip.pageutil.MIP_BasePage.waitForElementToVisible(MIP_BasePage.java:51)
	at com.milvik.mip.pageobjects.MIP_ListBranchPage.getNumberofBranch(MIP_ListBranchPage.java:34)
	at com.milvik.mip.branchmanagement.testrunner.MIP_ListBranch_Test.listBranchOne(MIP_ListBranch_Test.java:103)
Caused by: org.openqa.selenium.NoSuchElementException: Cannot locate an element using By.id: branchList
For documentation on this error, please visit: http://seleniumhq.org/exceptions/no_such_element.html
Build info: version: '3.8.1', revision: '6e95a6684b', time: '2017-12-01T18:33:54.468Z'
System info: host: 'TH1554', ip: '172.16.10.94', os.name: 'Windows 8.1', os.arch: 'amd64', os.version: '6.3', java.version: '1.8.0_121'
Driver info: driver.version: unknown
	at org.openqa.selenium.support.ui.ExpectedConditions.lambda$findElement$0(ExpectedConditions.java:882)
	at java.util.Optional.orElseThrow(Unknown Source)
	at org.openqa.selenium.support.ui.ExpectedConditions.findElement(ExpectedConditions.java:881)
	at org.openqa.selenium.support.ui.ExpectedConditions.access$000(ExpectedConditions.java:43)
	at org.openqa.selenium.support.ui.ExpectedConditions$7.apply(ExpectedConditions.java:205)
	at org.openqa.selenium.support.ui.ExpectedConditions$7.apply(ExpectedConditions.java:201)
	at org.openqa.selenium.support.ui.FluentWait.until(FluentWait.java:208)
	... 28 more
... Removed 25 stack frames]]>
    </failure>
  </testcase> <!-- listBranchOne -->
  <testcase name="listBranchSeven" time="0.0" classname="com.milvik.mip.branchmanagement.testrunner.MIP_ListBranch_Test">
    <failure type="java.lang.NullPointerException">
      <![CDATA[java.lang.NullPointerException
	at com.milvik.mip.branchmanagement.testrunner.MIP_ListBranch_Test.listBranchSeven(MIP_ListBranch_Test.java:333)
... Removed 25 stack frames]]>
    </failure>
  </testcase> <!-- listBranchSeven -->
  <testcase name="listBranchSix" time="40.529" classname="com.milvik.mip.branchmanagement.testrunner.MIP_ListBranch_Test">
    <failure type="org.openqa.selenium.TimeoutException" message="Expected condition failed: waiting for visibility of element located by By.id: branchList (tried for 30 second(s) with 500 MILLISECONDS interval)">
      <![CDATA[org.openqa.selenium.TimeoutException: Expected condition failed: waiting for visibility of element located by By.id: branchList (tried for 30 second(s) with 500 MILLISECONDS interval)
	at org.openqa.selenium.support.ui.WebDriverWait.timeoutException(WebDriverWait.java:82)
	at org.openqa.selenium.support.ui.FluentWait.until(FluentWait.java:231)
	at com.milvik.mip.pageutil.MIP_BasePage.waitForElementToVisible(MIP_BasePage.java:51)
	at com.milvik.mip.pageobjects.MIP_ListBranchPage.getNumberofBranch(MIP_ListBranchPage.java:34)
	at com.milvik.mip.pageobjects.MIP_ListBranchPage.clickOnBranch(MIP_ListBranchPage.java:50)
	at com.milvik.mip.branchmanagement.testrunner.MIP_ListBranch_Test.listBranchSix(MIP_ListBranch_Test.java:300)
Caused by: org.openqa.selenium.NoSuchElementException: Cannot locate an element using By.id: branchList
For documentation on this error, please visit: http://seleniumhq.org/exceptions/no_such_element.html
Build info: version: '3.8.1', revision: '6e95a6684b', time: '2017-12-01T18:33:54.468Z'
System info: host: 'TH1554', ip: '172.16.10.94', os.name: 'Windows 8.1', os.arch: 'amd64', os.version: '6.3', java.version: '1.8.0_121'
Driver info: driver.version: unknown
	at org.openqa.selenium.support.ui.ExpectedConditions.lambda$findElement$0(ExpectedConditions.java:882)
	at java.util.Optional.orElseThrow(Unknown Source)
	at org.openqa.selenium.support.ui.ExpectedConditions.findElement(ExpectedConditions.java:881)
	at org.openqa.selenium.support.ui.ExpectedConditions.access$000(ExpectedConditions.java:43)
	at org.openqa.selenium.support.ui.ExpectedConditions$7.apply(ExpectedConditions.java:205)
	at org.openqa.selenium.support.ui.ExpectedConditions$7.apply(ExpectedConditions.java:201)
	at org.openqa.selenium.support.ui.FluentWait.until(FluentWait.java:208)
	... 29 more
... Removed 25 stack frames]]>
    </failure>
  </testcase> <!-- listBranchSix -->
  <testcase name="listBranchThree" time="40.705" classname="com.milvik.mip.branchmanagement.testrunner.MIP_ListBranch_Test">
    <failure type="org.openqa.selenium.TimeoutException" message="Expected condition failed: waiting for visibility of element located by By.id: branchList (tried for 30 second(s) with 500 MILLISECONDS interval)">
      <![CDATA[org.openqa.selenium.TimeoutException: Expected condition failed: waiting for visibility of element located by By.id: branchList (tried for 30 second(s) with 500 MILLISECONDS interval)
	at org.openqa.selenium.support.ui.WebDriverWait.timeoutException(WebDriverWait.java:82)
	at org.openqa.selenium.support.ui.FluentWait.until(FluentWait.java:231)
	at com.milvik.mip.pageutil.MIP_BasePage.waitForElementToVisible(MIP_BasePage.java:51)
	at com.milvik.mip.pageobjects.MIP_ListBranchPage.getNumberofBranch(MIP_ListBranchPage.java:34)
	at com.milvik.mip.pageobjects.MIP_ListBranchPage.getBranchCode(MIP_ListBranchPage.java:77)
	at com.milvik.mip.branchmanagement.testrunner.MIP_ListBranch_Test.listBranchThree(MIP_ListBranch_Test.java:188)
Caused by: org.openqa.selenium.NoSuchElementException: Cannot locate an element using By.id: branchList
For documentation on this error, please visit: http://seleniumhq.org/exceptions/no_such_element.html
Build info: version: '3.8.1', revision: '6e95a6684b', time: '2017-12-01T18:33:54.468Z'
System info: host: 'TH1554', ip: '172.16.10.94', os.name: 'Windows 8.1', os.arch: 'amd64', os.version: '6.3', java.version: '1.8.0_121'
Driver info: driver.version: unknown
	at org.openqa.selenium.support.ui.ExpectedConditions.lambda$findElement$0(ExpectedConditions.java:882)
	at java.util.Optional.orElseThrow(Unknown Source)
	at org.openqa.selenium.support.ui.ExpectedConditions.findElement(ExpectedConditions.java:881)
	at org.openqa.selenium.support.ui.ExpectedConditions.access$000(ExpectedConditions.java:43)
	at org.openqa.selenium.support.ui.ExpectedConditions$7.apply(ExpectedConditions.java:205)
	at org.openqa.selenium.support.ui.ExpectedConditions$7.apply(ExpectedConditions.java:201)
	at org.openqa.selenium.support.ui.FluentWait.until(FluentWait.java:208)
	... 29 more
... Removed 25 stack frames]]>
    </failure>
  </testcase> <!-- listBranchThree -->
  <testcase name="listBranchTwo" time="40.691" classname="com.milvik.mip.branchmanagement.testrunner.MIP_ListBranch_Test">
    <failure type="org.openqa.selenium.TimeoutException" message="Expected condition failed: waiting for visibility of element located by By.id: branchList (tried for 30 second(s) with 500 MILLISECONDS interval)">
      <![CDATA[org.openqa.selenium.TimeoutException: Expected condition failed: waiting for visibility of element located by By.id: branchList (tried for 30 second(s) with 500 MILLISECONDS interval)
	at org.openqa.selenium.support.ui.WebDriverWait.timeoutException(WebDriverWait.java:82)
	at org.openqa.selenium.support.ui.FluentWait.until(FluentWait.java:231)
	at com.milvik.mip.pageutil.MIP_BasePage.waitForElementToVisible(MIP_BasePage.java:51)
	at com.milvik.mip.pageobjects.MIP_ListBranchPage.getNumberofBranch(MIP_ListBranchPage.java:34)
	at com.milvik.mip.pageobjects.MIP_ListBranchPage.getBranchCode(MIP_ListBranchPage.java:77)
	at com.milvik.mip.branchmanagement.testrunner.MIP_ListBranch_Test.listBranchTwo(MIP_ListBranch_Test.java:147)
Caused by: org.openqa.selenium.NoSuchElementException: Cannot locate an element using By.id: branchList
For documentation on this error, please visit: http://seleniumhq.org/exceptions/no_such_element.html
Build info: version: '3.8.1', revision: '6e95a6684b', time: '2017-12-01T18:33:54.468Z'
System info: host: 'TH1554', ip: '172.16.10.94', os.name: 'Windows 8.1', os.arch: 'amd64', os.version: '6.3', java.version: '1.8.0_121'
Driver info: driver.version: unknown
	at org.openqa.selenium.support.ui.ExpectedConditions.lambda$findElement$0(ExpectedConditions.java:882)
	at java.util.Optional.orElseThrow(Unknown Source)
	at org.openqa.selenium.support.ui.ExpectedConditions.findElement(ExpectedConditions.java:881)
	at org.openqa.selenium.support.ui.ExpectedConditions.access$000(ExpectedConditions.java:43)
	at org.openqa.selenium.support.ui.ExpectedConditions$7.apply(ExpectedConditions.java:205)
	at org.openqa.selenium.support.ui.ExpectedConditions$7.apply(ExpectedConditions.java:201)
	at org.openqa.selenium.support.ui.FluentWait.until(FluentWait.java:208)
	... 29 more
... Removed 25 stack frames]]>
    </failure>
  </testcase> <!-- listBranchTwo -->
  <testcase name="listBranchTwo" time="40.718" classname="com.milvik.mip.branchmanagement.testrunner.MIP_ListBranch_Test">
    <failure type="org.openqa.selenium.TimeoutException" message="Expected condition failed: waiting for visibility of element located by By.id: branchList (tried for 30 second(s) with 500 MILLISECONDS interval)">
      <![CDATA[org.openqa.selenium.TimeoutException: Expected condition failed: waiting for visibility of element located by By.id: branchList (tried for 30 second(s) with 500 MILLISECONDS interval)
	at org.openqa.selenium.support.ui.WebDriverWait.timeoutException(WebDriverWait.java:82)
	at org.openqa.selenium.support.ui.FluentWait.until(FluentWait.java:231)
	at com.milvik.mip.pageutil.MIP_BasePage.waitForElementToVisible(MIP_BasePage.java:51)
	at com.milvik.mip.pageobjects.MIP_ListBranchPage.getNumberofBranch(MIP_ListBranchPage.java:34)
	at com.milvik.mip.pageobjects.MIP_ListBranchPage.getBranchCode(MIP_ListBranchPage.java:77)
	at com.milvik.mip.branchmanagement.testrunner.MIP_ListBranch_Test.listBranchTwo(MIP_ListBranch_Test.java:147)
Caused by: org.openqa.selenium.NoSuchElementException: Cannot locate an element using By.id: branchList
For documentation on this error, please visit: http://seleniumhq.org/exceptions/no_such_element.html
Build info: version: '3.8.1', revision: '6e95a6684b', time: '2017-12-01T18:33:54.468Z'
System info: host: 'TH1554', ip: '172.16.10.94', os.name: 'Windows 8.1', os.arch: 'amd64', os.version: '6.3', java.version: '1.8.0_121'
Driver info: driver.version: unknown
	at org.openqa.selenium.support.ui.ExpectedConditions.lambda$findElement$0(ExpectedConditions.java:882)
	at java.util.Optional.orElseThrow(Unknown Source)
	at org.openqa.selenium.support.ui.ExpectedConditions.findElement(ExpectedConditions.java:881)
	at org.openqa.selenium.support.ui.ExpectedConditions.access$000(ExpectedConditions.java:43)
	at org.openqa.selenium.support.ui.ExpectedConditions$7.apply(ExpectedConditions.java:205)
	at org.openqa.selenium.support.ui.ExpectedConditions$7.apply(ExpectedConditions.java:201)
	at org.openqa.selenium.support.ui.FluentWait.until(FluentWait.java:208)
	... 29 more
... Removed 25 stack frames]]>
    </failure>
  </testcase> <!-- listBranchTwo -->
</testsuite> <!-- Test_ListBranch -->
