<?xml version="1.0" encoding="UTF-8"?>
<!-- Generated by org.testng.reporters.JUnitXMLReporter -->
<testsuite hostname="TH1554" ignored="0" name="ViewRole_Test" tests="9" failures="0" timestamp="29 Mar 2018 06:14:34 GMT" time="28.812" errors="0">
  <testcase name="viewRoleOne" time="3.02" classname="com.milvik.mip.rolemanagement.testrunner.MIP_ViewRole_Test"/>
  <testcase name="viewRoleTwo" time="1.762" classname="com.milvik.mip.rolemanagement.testrunner.MIP_ViewRole_Test"/>
  <testcase name="viewRoleTwo" time="1.9" classname="com.milvik.mip.rolemanagement.testrunner.MIP_ViewRole_Test"/>
  <testcase name="viewRoleTwo" time="1.915" classname="com.milvik.mip.rolemanagement.testrunner.MIP_ViewRole_Test"/>
  <testcase name="viewRoleThree" time="2.879" classname="com.milvik.mip.rolemanagement.testrunner.MIP_ViewRole_Test"/>
  <testcase name="viewRoleThree" time="2.899" classname="com.milvik.mip.rolemanagement.testrunner.MIP_ViewRole_Test"/>
  <testcase name="viewRoleThree" time="2.916" classname="com.milvik.mip.rolemanagement.testrunner.MIP_ViewRole_Test"/>
  <testcase name="viewRoleFour" time="5.67" classname="com.milvik.mip.rolemanagement.testrunner.MIP_ViewRole_Test"/>
  <testcase name="viewRoleFour" time="4.712" classname="com.milvik.mip.rolemanagement.testrunner.MIP_ViewRole_Test"/>
</testsuite> <!-- ViewRole_Test -->
