<?xml version="1.0" encoding="UTF-8"?>
<!-- Generated by org.testng.reporters.JUnitXMLReporter -->
<testsuite hostname="TH1554" ignored="0" name="ViewyLeave_Test" tests="3" failures="0" timestamp="30 Mar 2018 05:03:59 GMT" time="18.429" errors="0">
  <testcase name="viewLeavesOne" time="1.859" classname="com.milvik.mip.leavemanagement.testrunner.MIP_ViewLeaves_Test"/>
  <testcase name="viewLeavesTwo" time="7.292" classname="com.milvik.mip.leavemanagement.testrunner.MIP_ViewLeaves_Test"/>
  <testcase name="viewLeavesThree" time="7.891" classname="com.milvik.mip.leavemanagement.testrunner.MIP_ViewLeaves_Test"/>
</testsuite> <!-- ViewyLeave_Test -->
